23:22:51 T:140162637723584  NOTICE: special://profile/ is mapped to: special://masterprofile/
23:22:51 T:140162637723584  NOTICE: -----------------------------------------------------------------------
23:22:51 T:140162637723584  NOTICE: Starting XBMC (13.0 Git:d420b5c). Platform: x86 Linux 64-bit
23:22:51 T:140162637723584  NOTICE: Using Release XBMC x64 build, compiled May  6 2014 by GCC 4.8.2 for x86 Linux 64-bit 3.13.9
23:22:51 T:140162637723584  NOTICE: Running on Linux 64-bit (Ubuntu 14.04 LTS, 3.13.0-24-generic x86_64)
23:22:51 T:140162637723584  NOTICE: Host CPU: Intel(R) Core(TM) i7-3517U CPU @ 1.90GHz, 4 cores available
23:22:51 T:140162637723584  NOTICE: special://xbmc/ is mapped to: /usr/share/xbmc
23:22:51 T:140162637723584  NOTICE: special://xbmcbin/ is mapped to: /usr/lib/xbmc
23:22:51 T:140162637723584  NOTICE: special://masterprofile/ is mapped to: /home/seba/.xbmc/userdata
23:22:51 T:140162637723584  NOTICE: special://home/ is mapped to: /home/seba/.xbmc
23:22:51 T:140162637723584  NOTICE: special://temp/ is mapped to: /home/seba/.xbmc/temp
23:22:51 T:140162637723584  NOTICE: The executable running is: /usr/lib/xbmc/xbmc.bin
23:22:51 T:140162637723584  NOTICE: Local hostname: seba-laptop
23:22:51 T:140162637723584  NOTICE: Log File is located: /home/seba/.xbmc/temp/xbmc.log
23:22:51 T:140162637723584  NOTICE: -----------------------------------------------------------------------
23:22:51 T:140162637723584  NOTICE: load settings...
23:22:51 T:140162637723584  NOTICE: Found 1 Lists of Devices
23:22:51 T:140162637723584  NOTICE: Enumerated PULSE devices:
23:22:51 T:140162637723584  NOTICE:     Device 1
23:22:51 T:140162637723584  NOTICE:         m_deviceName      : Default
23:22:51 T:140162637723584  NOTICE:         m_displayName     : Default
23:22:51 T:140162637723584  NOTICE:         m_displayNameExtra: Default Output Device (PULSEAUDIO)
23:22:51 T:140162637723584  NOTICE:         m_deviceType      : AE_DEVTYPE_PCM
23:22:51 T:140162637723584  NOTICE:         m_channels        : FL,FR
23:22:51 T:140162637723584  NOTICE:         m_sampleRates     : 5512,8000,11025,16000,22050,32000,44100,48000,64000,88200,96000,176400,192000,384000
23:22:51 T:140162637723584  NOTICE:         m_dataFormats     : AE_FMT_U8,AE_FMT_S16LE,AE_FMT_S16BE,AE_FMT_S16NE,AE_FMT_S24LE3,AE_FMT_S24BE3,AE_FMT_S24NE3,AE_FMT_S24LE4,AE_FMT_S24BE4,AE_FMT_S24NE4,AE_FMT_S32BE,AE_FMT_S32LE,AE_FMT_S32NE,AE_FMT_FLOAT
23:22:51 T:140162637723584  NOTICE:     Device 2
23:22:51 T:140162637723584  NOTICE:         m_deviceName      : alsa_output.pci-0000_00_1b.0.analog-stereo
23:22:51 T:140162637723584  NOTICE:         m_displayName     : Built-in Audio Analog Stereo
23:22:51 T:140162637723584  NOTICE:         m_displayNameExtra: Speakers (PULSEAUDIO)
23:22:51 T:140162637723584  NOTICE:         m_deviceType      : AE_DEVTYPE_PCM
23:22:51 T:140162637723584  NOTICE:         m_channels        : FL,FR
23:22:51 T:140162637723584  NOTICE:         m_sampleRates     : 5512,8000,11025,16000,22050,32000,44100,48000,64000,88200,96000,176400,192000,384000
23:22:51 T:140162637723584  NOTICE:         m_dataFormats     : AE_FMT_U8,AE_FMT_S16LE,AE_FMT_S16BE,AE_FMT_S16NE,AE_FMT_S24LE3,AE_FMT_S24BE3,AE_FMT_S24NE3,AE_FMT_S24LE4,AE_FMT_S24BE4,AE_FMT_S24NE4,AE_FMT_S32BE,AE_FMT_S32LE,AE_FMT_S32NE,AE_FMT_FLOAT
23:22:51 T:140162637723584  NOTICE: No settings file to load (special://xbmc/system/advancedsettings.xml)
23:22:51 T:140162637723584  NOTICE: No settings file to load (special://masterprofile/advancedsettings.xml)
23:22:51 T:140162637723584  NOTICE: Default DVD Player: dvdplayer
23:22:51 T:140162637723584  NOTICE: Default Video Player: dvdplayer
23:22:51 T:140162637723584  NOTICE: Default Audio Player: paplayer
23:22:51 T:140162637723584  NOTICE: Disabled debug logging due to GUI setting. Level 0.
23:22:51 T:140162637723584  NOTICE: Log level changed to 0
23:22:51 T:140162637723584  NOTICE: CMediaSourceSettings: loading media sources from special://masterprofile/sources.xml
23:22:51 T:140162637723584  NOTICE: Loading player core factory settings from special://xbmc/system/playercorefactory.xml.
23:22:51 T:140162637723584  NOTICE: Loaded playercorefactory configuration
23:22:51 T:140162637723584  NOTICE: Loading player core factory settings from special://masterprofile/playercorefactory.xml.
23:22:51 T:140162637723584  NOTICE: special://masterprofile/playercorefactory.xml does not exist. Skipping.
23:22:51 T:140162174072576  NOTICE: Thread ActiveAE start, auto delete: false
23:22:51 T:140162232719104  NOTICE: Thread AESink start, auto delete: false
23:22:51 T:140162637723584  NOTICE: Running database version Addons16
23:22:51 T:140162637723584  NOTICE: ADDONS: Using repository repository.xbmc.org
23:22:51 T:140162206729984  NOTICE: Thread PeripBusCEC start, auto delete: false
23:22:51 T:140162198337280  NOTICE: Thread PeripBusUSBUdev start, auto delete: false
23:22:51 T:140162637723584  NOTICE: Setup SDL
23:22:51 T:140162637723584  NOTICE: Checking resolution 15
23:22:51 T:140162637723584  NOTICE: Using visual 0x41
23:22:51 T:140162637723584  NOTICE: GL_VENDOR = Intel Open Source Technology Center
23:22:51 T:140162637723584  NOTICE: GL_RENDERER = Mesa DRI Intel(R) Ivybridge Mobile
23:22:51 T:140162637723584  NOTICE: GL_VERSION = 3.0 Mesa 10.1.0
23:22:51 T:140162637723584  NOTICE: GL_SHADING_LANGUAGE_VERSION = 1.30
23:22:51 T:140162637723584  NOTICE: GL_EXTENSIONS = GL_ARB_multisample GL_EXT_abgr GL_EXT_bgra GL_EXT_blend_color GL_EXT_blend_minmax GL_EXT_blend_subtract GL_EXT_copy_texture GL_EXT_polygon_offset GL_EXT_subtexture GL_EXT_texture_object GL_EXT_vertex_array GL_EXT_compiled_vertex_array GL_EXT_texture GL_EXT_texture3D GL_IBM_rasterpos_clip GL_ARB_point_parameters GL_EXT_draw_range_elements GL_EXT_packed_pixels GL_EXT_point_parameters GL_EXT_rescale_normal GL_EXT_separate_specular_color GL_EXT_texture_edge_clamp GL_SGIS_generate_mipmap GL_SGIS_texture_border_clamp GL_SGIS_texture_edge_clamp GL_SGIS_texture_lod GL_ARB_framebuffer_sRGB GL_ARB_multitexture GL_EXT_framebuffer_sRGB GL_IBM_multimode_draw_arrays GL_IBM_texture_mirrored_repeat GL_3DFX_texture_compression_FXT1 GL_ARB_texture_cube_map GL_ARB_texture_env_add GL_ARB_transpose_matrix GL_EXT_blend_func_separate GL_EXT_fog_coord GL_EXT_multi_draw_arrays GL_EXT_secondary_color GL_EXT_texture_env_add GL_EXT_texture_filter_anisotropic GL_EXT_texture_lod_bias GL_INGR_blend_func_separate GL_NV_blend_square GL_NV_light_max_exponent GL_NV_texgen_reflection GL_NV_texture_env_combine4 GL_S3_s3tc GL_SUN_multi_draw_arrays GL_ARB_texture_border_clamp GL_ARB_texture_compression GL_EXT_framebuffer_object GL_EXT_texture_compression_s3tc GL_EXT_texture_env_combine GL_EXT_texture_env_dot3 GL_MESA_window_pos GL_NV_packed_depth_stencil GL_NV_texture_rectangle GL_ARB_depth_texture GL_ARB_occlusion_query GL_ARB_shadow GL_ARB_texture_env_combine GL_ARB_texture_env_crossbar GL_ARB_texture_env_dot3 GL_ARB_texture_mirrored_repeat GL_ARB_window_pos GL_ATI_envmap_bumpmap GL_EXT_stencil_two_side GL_EXT_texture_cube_map GL_NV_depth_clamp GL_APPLE_packed_pixels GL_APPLE_vertex_array_object GL_ARB_draw_buffers GL_ARB_fragment_program GL_ARB_fragment_shader GL_ARB_shader_objects GL_ARB_vertex_program GL_ARB_vertex_shader GL_ATI_draw_buffers GL_ATI_texture_env_combine3 GL_ATI_texture_float GL_EXT_shadow_funcs GL_EXT_stencil_wrap GL_MESA_pack_invert GL_MESA_ycbcr_texture GL_NV_primitive_restart GL_ARB_depth_clamp GL_ARB_fragment_program_shadow GL_ARB_half_float_pixel GL_ARB_occlusion_query2 GL_ARB_point_sprite GL_ARB_shading_language_100 GL_ARB_sync GL_ARB_texture_non_power_of_two GL_ARB_vertex_buffer_object GL_ATI_blend_equation_separate GL_EXT_blend_equation_separate GL_OES_read_format GL_ARB_color_buffer_float GL_ARB_pixel_buffer_object GL_ARB_texture_compression_rgtc GL_ARB_texture_float GL_ARB_texture_rectangle GL_EXT_packed_float GL_EXT_pixel_buffer_object GL_EXT_texture_compression_dxt1 GL_EXT_texture_compression_rgtc GL_EXT_texture_rectangle GL_EXT_texture_sRGB GL_EXT_texture_shared_exponent GL_ARB_framebuffer_object GL_EXT_framebuffer_blit GL_EXT_framebuffer_multisample GL_EXT_packed_depth_stencil GL_APPLE_object_purgeable GL_ARB_vertex_array_object GL_ATI_separate_stencil GL_EXT_draw_buffers2 GL_EXT_draw_instanced GL_EXT_gpu_program_parameters GL_EXT_texture_array GL_EXT_texture_integer GL_EXT_texture_sRGB_decode GL_EXT_timer_query GL_OES_EGL_image GL_AMD_performance_monitor GL_ARB_copy_buffer GL_ARB_depth_buffer_float GL_ARB_draw_instanced GL_ARB_half_float_vertex GL_ARB_instanced_arrays GL_ARB_map_buffer_range GL_ARB_texture_rg GL_ARB_texture_swizzle GL_ARB_vertex_array_bgra GL_EXT_separate_shader_objects GL_EXT_texture_swizzle GL_EXT_vertex_array_bgra GL_NV_conditional_render GL_AMD_conservative_depth GL_AMD_draw_buffers_blend GL_AMD_seamless_cubemap_per_texture GL_ARB_ES2_compatibility GL_ARB_blend_func_extended GL_ARB_debug_output GL_ARB_draw_buffers_blend GL_ARB_draw_elements_base_vertex GL_ARB_explicit_attrib_location GL_ARB_fragment_coord_conventions GL_ARB_provoking_vertex GL_ARB_sample_shading GL_ARB_sampler_objects GL_ARB_seamless_cube_map GL_ARB_shader_texture_lod GL_ARB_texture_cube_map_array GL_ARB_texture_gather GL_ARB_texture_multisample GL_ARB_texture_query_lod GL_ARB_texture_rgb10_a2ui GL_ARB_uniform_buffer_object GL_ARB_vertex_type_2_10_10_10_rev GL_EXT_provoking_vertex GL_EXT_texture_snorm GL_MESA_texture_signed_rgba GL_ARB_get_program_binary GL_ARB_robustness GL_ARB_shader_bit_encoding GL_ARB_timer_query GL_ARB_transform_feedback2 GL_ARB_transform_feedback3 GL_ANGLE_texture_compression_dxt3 GL_ANGLE_texture_compression_dxt5 GL_ARB_conservative_depth GL_ARB_internalformat_query GL_ARB_map_buffer_alignment GL_ARB_shader_atomic_counters GL_ARB_shading_language_420pack GL_ARB_shading_language_packing GL_ARB_texture_storage GL_ARB_transform_feedback_instanced GL_EXT_framebuffer_multisample_blit_scaled GL_EXT_transform_feedback GL_AMD_shader_trinary_minmax GL_ARB_ES3_compatibility GL_ARB_clear_buffer_object GL_ARB_invalidate_subdata GL_ARB_texture_query_levels GL_ARB_texture_storage_multisample GL_ARB_vertex_attrib_binding GL_KHR_debug GL_ARB_texture_mirror_clamp_to_edge GL_ARB_vertex_type_10f_11f_11f_rev GL_EXT_shader_integer_mix
23:22:51 T:140162637723584  NOTICE: No Joystick name specified, loading default map
23:22:51 T:140162637723584  NOTICE: Previous line repeats 35 times.
23:22:51 T:140162637723584  NOTICE: Running database version Addons16
23:22:51 T:140162637723584  NOTICE: Running database version ViewModes6
23:22:51 T:140162637723584  NOTICE: Running database version Textures13
23:22:51 T:140162637723584  NOTICE: Running database version MyMusic46
23:22:51 T:140162637723584  NOTICE: Running database version MyVideos78
23:22:51 T:140162637723584  NOTICE: Running database version TV22
23:22:51 T:140162637723584  NOTICE: Running database version Epg7
23:22:51 T:140162637723584  NOTICE: start dvd mediatype detection
23:22:51 T:140162637723584  NOTICE: initializing playlistplayer
23:22:51 T:140162636642048  NOTICE: Thread DetectDVDMedia start, auto delete: false
23:22:51 T:140162637723584  NOTICE: DONE initializing playlistplayer
23:22:51 T:140162637723584 WARNING: JSONRPC: Could not parse type "GUI.Property.Value"
23:22:51 T:140162637723584 WARNING: JSONRPC: Could not parse type "Setting.Details.SettingList"
23:22:51 T:140162637723584  NOTICE: UpdateLibraries - Starting video library startup scan
23:22:51 T:140162637723584  NOTICE: UpdateLibraries - Starting music library startup scan
23:22:51 T:140162637723584  NOTICE: initialize done
23:22:51 T:140162637723584  NOTICE: Running the application...
23:22:51 T:140161744361216  NOTICE: Thread LanguageInvoker start, auto delete: false
23:22:51 T:140161719183104  NOTICE: Thread VideoInfoScanner start, auto delete: false
23:22:51 T:140161727575808  NOTICE: Thread LanguageInvoker start, auto delete: false
23:22:51 T:140161710790400  NOTICE: Thread MusicInfoScanner start, auto delete: false
23:22:51 T:140161752753920  NOTICE: Thread LanguageInvoker start, auto delete: false
23:22:51 T:140161752753920  NOTICE: Previous line repeats 2 times.
23:22:51 T:140161752753920  NOTICE: -->Python Interpreter Initialized<--
23:22:51 T:140161744361216  NOTICE: -->Python Interpreter Initialized<--
23:22:51 T:140161535002368  NOTICE: Thread JobWorker start, auto delete: true
23:22:51 T:140162637723584  NOTICE: starting zeroconf publishing
23:22:51 T:140162637723584  NOTICE: Webserver: Starting...
23:22:51 T:140162637723584  NOTICE: WebServer: Started the webserver
23:22:51 T:140162637723584  NOTICE: starting upnp controller
23:22:51 T:140161518216960  NOTICE: Thread JobWorker start, auto delete: true
23:22:51 T:140161560082176  NOTICE: -->Python Interpreter Initialized<--
23:22:51 T:140161735968512  NOTICE: -->Python Interpreter Initialized<--
23:22:51 T:140161752753920  NOTICE: service.libraryautoupdate-0.9.2 : Update Library Service starting...
23:22:51 T:140161752753920  NOTICE: service.libraryautoupdate-0.9.2 : update timers
23:22:51 T:140161752753920  NOTICE: service.libraryautoupdate-0.9.2 : Creating timer for Video Library
23:22:51 T:140162637723584  NOTICE: starting upnp server
23:22:51 T:140162637723584  NOTICE: starting upnp renderer
23:22:51 T:140162637723584  NOTICE: ES: Starting event server
23:22:51 T:140161274861312  NOTICE: Thread EventServer start, auto delete: false
23:22:51 T:140161274861312  NOTICE: ES: Starting UDP Event server on 0.0.0.0:9777
23:22:51 T:140161274861312  NOTICE: UDP: Listening on port 9777
23:22:51 T:140161719183104  NOTICE: VideoInfoScanner: Starting scan ..
23:22:51 T:140161249683200  NOTICE: Thread JobWorker start, auto delete: true
23:22:51 T:140161266468608  NOTICE: Thread TCPServer start, auto delete: false
23:22:51 T:140161157428992  NOTICE: Thread MusicFileCounter start, auto delete: false
23:22:51 T:140161241290496  NOTICE: Thread AirPlayServer start, auto delete: false
23:22:51 T:140161710790400  NOTICE: My Music: Scanning for music info using worker thread, operation took 00:00
23:22:51 T:140161727575808  NOTICE: -->Python Interpreter Initialized<--
23:22:51 T:140161719183104  NOTICE: VideoInfoScanner: Finished scan. Scanning for video info took 00:00
23:22:52 T:140162636642048  NOTICE: Thread RSSReader start, auto delete: false
23:22:52 T:140161727575808  NOTICE: script.tv.show.next.aired: ### TV Show - Next Aired starting background proc (6.0.10)
23:22:52 T:140161727575808  NOTICE: script.tv.show.next.aired: ### no prior data found
23:22:52 T:140161752753920  NOTICE: service.libraryautoupdate-0.9.2 : Creating timer for Music Library
23:22:52 T:140161752753920  NOTICE: service.libraryautoupdate-0.9.2 : Starting network check
23:22:52 T:140161710790400  NOTICE: Thread AlarmClock start, auto delete: false
23:22:52 T:140161560082176  NOTICE:  StorageServer Module loaded RUN
23:22:52 T:140161560082176  NOTICE: StorageClient-2.5.4 Starting server
23:22:52 T:140161560082176  NOTICE: StorageServer-2.5.4 Storage Server starting /home/seba/.xbmc/temp/commoncache.db
23:22:53 T:140162637723584   ERROR: GLX: Same window as before, refreshing context
23:22:54 T:140161727575808  NOTICE: script.tv.show.next.aired: ### starting data update
23:22:54 T:140161727575808  NOTICE: script.tv.show.next.aired: ### grabbing a new country mapping list
23:22:54 T:140161752753920  NOTICE: service.libraryautoupdate-0.9.2 : Update Video Library
23:22:54 T:140161752753920  NOTICE: service.libraryautoupdate-0.9.2 : Starting network check
23:22:54 T:140161719183104  NOTICE: Thread VideoInfoScanner start, auto delete: false
23:22:54 T:140161719183104  NOTICE: VideoInfoScanner: Starting scan ..
23:22:54 T:140161719183104  NOTICE: VideoInfoScanner: Finished scan. Scanning for video info took 00:00
23:22:56 T:140162637723584   ERROR: CheckDisplayEvents - no display event after 3 seconds
23:22:57 T:140161752753920  NOTICE: service.libraryautoupdate-0.9.2 : Update Music Library
23:22:57 T:140161719183104  NOTICE: Thread MusicInfoScanner start, auto delete: false
23:22:57 T:140161744361216  NOTICE: Thread MusicFileCounter start, auto delete: false
23:22:57 T:140161719183104  NOTICE: My Music: Scanning for music info using worker thread, operation took 00:00
23:22:57 T:140161752753920  NOTICE: service.libraryautoupdate-0.9.2 : Cleaning Database
23:22:57 T:140162637723584  NOTICE: Cleanup: Starting musicdatabase cleanup ..
23:22:57 T:140162637723584  NOTICE: Cleanup: Cleaning musicdatabase done. Operation took 00:00
23:22:57 T:140161752753920  NOTICE: service.libraryautoupdate-0.9.2 : Cleaning Database
23:22:57 T:140162637723584  NOTICE: Previous line repeats 1 times.
23:22:57 T:140162637723584  NOTICE: CleanDatabase: Starting videodatabase cleanup ..
23:22:57 T:140162637723584   ERROR: XBMC.CleanLibrary is not possible while scanning or cleaning
23:22:57 T:140161752753920  NOTICE: service.libraryautoupdate-0.9.2 : Cleaning Database
23:22:57 T:140162637723584  NOTICE: Cleanup: Starting musicdatabase cleanup ..
23:22:57 T:140162637723584  NOTICE: Cleanup: Cleaning musicdatabase done. Operation took 00:00
23:22:59 T:140161752753920  NOTICE: service.libraryautoupdate-0.9.2 : update timers
23:22:59 T:140161752753920  NOTICE: service.libraryautoupdate-0.9.2 : Creating timer for Video Library
23:22:59 T:140161752753920  NOTICE: service.libraryautoupdate-0.9.2 : Creating timer for Music Library
23:22:59 T:140161752753920  NOTICE: service.libraryautoupdate-0.9.2 : update timers
23:22:59 T:140161752753920  NOTICE: service.libraryautoupdate-0.9.2 : Creating timer for Video Library
23:22:59 T:140161752753920  NOTICE: service.libraryautoupdate-0.9.2 : Creating timer for Music Library
23:22:59 T:140161752753920  NOTICE: service.libraryautoupdate-0.9.2 : update timers
23:22:59 T:140161752753920  NOTICE: service.libraryautoupdate-0.9.2 : Creating timer for Video Library
23:22:59 T:140161752753920  NOTICE: service.libraryautoupdate-0.9.2 : Creating timer for Music Library
23:22:59 T:140161752753920  NOTICE: service.libraryautoupdate-0.9.2 : update timers
23:22:59 T:140161752753920  NOTICE: service.libraryautoupdate-0.9.2 : Creating timer for Video Library
23:22:59 T:140161752753920  NOTICE: service.libraryautoupdate-0.9.2 : Creating timer for Music Library
23:22:59 T:140161752753920  NOTICE: service.libraryautoupdate-0.9.2 : update timers
23:22:59 T:140161752753920  NOTICE: service.libraryautoupdate-0.9.2 : Creating timer for Video Library
23:22:59 T:140161752753920  NOTICE: service.libraryautoupdate-0.9.2 : Creating timer for Music Library
23:22:59 T:140161752753920  NOTICE: service.libraryautoupdate-0.9.2 : update timers
23:22:59 T:140161752753920  NOTICE: service.libraryautoupdate-0.9.2 : Creating timer for Video Library
23:22:59 T:140161752753920  NOTICE: service.libraryautoupdate-0.9.2 : Creating timer for Music Library
23:22:59 T:140161752753920  NOTICE: service.libraryautoupdate-0.9.2 : update timers
23:22:59 T:140161752753920  NOTICE: service.libraryautoupdate-0.9.2 : Creating timer for Video Library
23:22:59 T:140161752753920  NOTICE: service.libraryautoupdate-0.9.2 : Creating timer for Music Library
23:22:59 T:140161752753920  NOTICE: service.libraryautoupdate-0.9.2 : update timers
23:22:59 T:140161752753920  NOTICE: service.libraryautoupdate-0.9.2 : Creating timer for Video Library
23:22:59 T:140161752753920  NOTICE: service.libraryautoupdate-0.9.2 : Creating timer for Music Library
23:23:17 T:140161719183104  NOTICE: Thread BackgroundLoader start, auto delete: false
23:23:19 T:140162637723584  NOTICE: OnLowBattery: Running low battery jobs
23:23:22 T:140161719183104  NOTICE: Thread LanguageInvoker start, auto delete: false
23:23:22 T:140161719183104  NOTICE: -->Python Interpreter Initialized<--
23:23:25 T:140161719183104  NOTICE: Thread BackgroundLoader start, auto delete: false
23:23:39 T:140162637723584  NOTICE: Previous line repeats 1 times.
23:23:39 T:140162637723584  NOTICE: Storing total System Uptime
23:23:39 T:140162637723584  NOTICE: Saving settings
23:23:39 T:140162637723584  NOTICE: stop all
23:23:39 T:140162637723584  NOTICE: stop player
23:23:39 T:140162637723584  NOTICE: ES: Stopping event server
23:23:39 T:140162637723584  NOTICE: stopping upnp
23:23:40 T:140161274861312  NOTICE: ES: UDP Event server stopped
23:23:40 T:140162637723584  NOTICE: stopping zeroconf publishing
23:23:40 T:140162637723584  NOTICE: Webserver: Stopping...
23:23:40 T:140162637723584  NOTICE: WebServer: Stopped the webserver
23:23:40 T:140162637723584  NOTICE: Webserver: Stopped...
23:23:40 T:140162637723584  NOTICE: stop dvd detect media
23:23:40 T:140162637723584  NOTICE: stop sap announcement listener
23:23:40 T:140162637723584  NOTICE: clean cached files!
23:23:40 T:140162637723584  NOTICE: unload skin
23:23:41 T:140161735968512 WARNING: CPythonInvoker(2, /home/seba/.xbmc/addons/service.skin.widgets/default.py): the python script "/home/seba/.xbmc/addons/service.skin.widgets/default.py" has left several classes in memory that we couldn't clean up. The classes include: N9XBMCAddon7xbmcgui6WindowE,N14PythonBindings31XBMCAddon_xbmc_Monitor_DirectorE,N14PythonBindings30XBMCAddon_xbmc_Player_DirectorE
23:23:41 T:140161560082176  NOTICE: StorageServer-2.5.4 Closed down
23:23:42 T:140161727575808  NOTICE: script.tv.show.next.aired: ### abort requested -- stopping background processing
23:23:42 T:140162637723584  NOTICE: stopped
23:23:42 T:140162637723584  NOTICE: destroy
23:23:42 T:140162637723584  NOTICE: closing down remote control service
23:23:42 T:140162637723584  NOTICE: unload sections
23:23:42 T:140162637723584  NOTICE: special://profile/ is mapped to: special://masterprofile/
23:23:42 T:140162637723584  NOTICE: destroy
23:23:42 T:140162637723584 WARNING: Attempted to remove window 10013 from the window manager when it didn't exist
23:23:42 T:140162637723584 WARNING: Attempted to remove window 10014 from the window manager when it didn't exist
23:23:42 T:140162637723584 WARNING: Attempted to remove window 10015 from the window manager when it didn't exist
23:23:42 T:140162637723584 WARNING: Attempted to remove window 10016 from the window manager when it didn't exist
23:23:42 T:140162637723584 WARNING: Attempted to remove window 10017 from the window manager when it didn't exist
23:23:42 T:140162637723584 WARNING: Attempted to remove window 10018 from the window manager when it didn't exist
23:23:42 T:140162637723584 WARNING: Attempted to remove window 10019 from the window manager when it didn't exist
23:23:42 T:140162637723584 WARNING: Attempted to remove window 10021 from the window manager when it didn't exist
23:23:42 T:140162637723584 WARNING: Attempted to remove window 10107 from the window manager when it didn't exist
23:23:42 T:140162637723584 WARNING: Attempted to remove window 10115 from the window manager when it didn't exist
23:23:42 T:140162637723584 WARNING: Attempted to remove window 10104 from the window manager when it didn't exist
23:23:42 T:140162637723584  NOTICE: closing down remote control service
23:23:42 T:140162637723584  NOTICE: unload sections
23:23:42 T:140162637723584  NOTICE: application stopped...
